<?xml version="1.0" encoding="UTF-8"?>
<!-- Generated by org.testng.reporters.JUnitReportReporter -->
<testsuite hostname="DESKTOP-0T3LLVM" failures="0" tests="3" name="test.LoginTest" time="13.356" errors="0" timestamp="2023-02-09T22:01:46 EST" skipped="0">
  <testcase classname="test.LoginTest" name="validUserAnEmptyPassword" time="3.831"/>
  <system-out/>
  <testcase classname="test.LoginTest" name="validAdminLogin" time="4.904"/>
  <system-out/>
  <testcase classname="test.LoginTest" name="validUserInvalidPassword" time="4.621"/>
  <system-out/>
</testsuite> <!-- test.LoginTest -->
