<?xml version="1.0" encoding="UTF-8"?>
<!-- Generated by org.testng.reporters.JUnitReportReporter -->
<testsuite hostname="DESKTOP-0T3LLVM" failures="0" tests="5" name="com.exelenter.class05._02_HW_AddEmployee" time="70.035" errors="0" timestamp="2023-02-15T22:13:46 EST" skipped="0">
  <testcase classname="com.exelenter.class05._02_HW_AddEmployee" name="addEmployeeTest" time="12.259"/>
  <system-out/>
  <testcase classname="com.exelenter.class05._02_HW_AddEmployee" name="addEmployeeTest" time="12.439"/>
  <system-out/>
  <testcase classname="com.exelenter.class05._02_HW_AddEmployee" name="addEmployeeTest" time="17.361"/>
  <system-out/>
  <testcase classname="com.exelenter.class05._02_HW_AddEmployee" name="addEmployeeTest" time="15.788"/>
  <system-out/>
  <testcase classname="com.exelenter.class05._02_HW_AddEmployee" name="addEmployeeTest" time="12.188"/>
  <system-out/>
</testsuite> <!-- com.exelenter.class05._02_HW_AddEmployee -->
