<?xml version="1.0" encoding="UTF-8"?>
<!-- Generated by org.testng.reporters.JUnitReportReporter -->
<testsuite hostname="DESKTOP-0T3LLVM" failures="0" tests="2" name="com.exelenter.class4._01_GroupsDemo" time="0.010" errors="0" timestamp="2023-02-10T20:57:34 EST" skipped="0">
  <testcase classname="com.exelenter.class4._01_GroupsDemo" name="test3" time="0.009"/>
  <system-out/>
  <testcase classname="com.exelenter.class4._01_GroupsDemo" name="test4" time="0.001"/>
  <system-out/>
</testsuite> <!-- com.exelenter.class4._01_GroupsDemo -->
