<?xml version="1.0" encoding="UTF-8"?>
<!-- Generated by org.testng.reporters.JUnitReportReporter -->
<testsuite hostname="DESKTOP-0T3LLVM" failures="0" tests="3" name="com.exelenter.class4._02_DataProvider" time="0.019" errors="0" timestamp="2023-02-13T20:26:14 EST" skipped="0">
  <testcase classname="com.exelenter.class4._02_DataProvider" name="printData2" time="0.019"/>
  <system-out/>
  <testcase classname="com.exelenter.class4._02_DataProvider" name="printData2" time="0.000"/>
  <system-out/>
  <testcase classname="com.exelenter.class4._02_DataProvider" name="printData2" time="0.000"/>
  <system-out/>
</testsuite> <!-- com.exelenter.class4._02_DataProvider -->
