<?xml version="1.0" encoding="UTF-8"?>
<!-- Generated by org.testng.reporters.JUnitReportReporter -->
<testsuite hostname="DESKTOP-0T3LLVM" failures="0" tests="2" name="com.exelenter.class05._01_ListenerDemo" time="0.008" errors="0" timestamp="2023-02-15T20:55:53 EST" skipped="0">
  <testcase classname="com.exelenter.class05._01_ListenerDemo" name="test2" time="0.001"/>
  <system-out/>
  <testcase classname="com.exelenter.class05._01_ListenerDemo" name="test1" time="0.007"/>
  <system-out/>
</testsuite> <!-- com.exelenter.class05._01_ListenerDemo -->
