<?xml version="1.0" encoding="UTF-8"?>
<!-- Generated by org.testng.reporters.JUnitReportReporter -->
<testsuite hostname="DESKTOP-0T3LLVM" failures="0" tests="2" name="com.exelenter.class4._05_AddEmployee" time="21.192" errors="0" timestamp="2023-02-13T22:03:46 EST" skipped="0">
  <testcase classname="com.exelenter.class4._05_AddEmployee" name="addEmployeeTest" time="10.428"/>
  <system-out/>
  <testcase classname="com.exelenter.class4._05_AddEmployee" name="addEmployeeTest" time="10.764"/>
  <system-out/>
</testsuite> <!-- com.exelenter.class4._05_AddEmployee -->
