<?xml version="1.0" encoding="UTF-8"?>
<!-- Generated by org.testng.reporters.JUnitReportReporter -->
<testsuite hostname="DESKTOP-0T3LLVM" failures="0" tests="5" name="com.exelenter.class05._02_HW_AddEmployeeFromExcel" time="70.943" errors="0" timestamp="2023-02-17T22:41:26 EST" skipped="0">
  <testcase classname="com.exelenter.class05._02_HW_AddEmployeeFromExcel" name="addEmployeeTest" time="12.953"/>
  <system-out/>
  <testcase classname="com.exelenter.class05._02_HW_AddEmployeeFromExcel" name="addEmployeeTest" time="13.400"/>
  <system-out/>
  <testcase classname="com.exelenter.class05._02_HW_AddEmployeeFromExcel" name="addEmployeeTest" time="19.725"/>
  <system-out/>
  <testcase classname="com.exelenter.class05._02_HW_AddEmployeeFromExcel" name="addEmployeeTest" time="12.347"/>
  <system-out/>
  <testcase classname="com.exelenter.class05._02_HW_AddEmployeeFromExcel" name="addEmployeeTest" time="12.518"/>
  <system-out/>
</testsuite> <!-- com.exelenter.class05._02_HW_AddEmployeeFromExcel -->
