<?xml version="1.0" encoding="UTF-8"?>
<!-- Generated by org.testng.reporters.JUnitReportReporter -->
<testsuite hostname="DESKTOP-0T3LLVM" failures="0" tests="3" name="com.exelenter.class4._04_DataProviderDemo3" time="17.442" errors="0" timestamp="2023-02-13T21:06:07 EST" skipped="0">
  <testcase classname="com.exelenter.class4._04_DataProviderDemo3" name="loginTest" time="7.078"/>
  <system-out/>
  <testcase classname="com.exelenter.class4._04_DataProviderDemo3" name="loginTest" time="4.926"/>
  <system-out/>
  <testcase classname="com.exelenter.class4._04_DataProviderDemo3" name="loginTest" time="5.438"/>
  <system-out/>
</testsuite> <!-- com.exelenter.class4._04_DataProviderDemo3 -->
