<?xml version="1.0" encoding="UTF-8"?>
<!-- Generated by org.testng.reporters.JUnitReportReporter -->
<testsuite hostname="DESKTOP-0T3LLVM" failures="0" tests="3" name="com.exelenter.class01._03_TestNGDemo3" time="0.004" errors="0" timestamp="2023-02-07T20:17:36 EST" skipped="1">
  <testcase classname="com.exelenter.class01._03_TestNGDemo3" name="test2" time="0.002"/>
  <system-out/>
  <testcase classname="com.exelenter.class01._03_TestNGDemo3" name="test3" time="0.002"/>
  <system-out/>
  <testcase classname="com.exelenter.class01._03_TestNGDemo3" name="test1">
    <skipped/>
  </testcase> <!-- test1 -->
  <system-out/>
</testsuite> <!-- com.exelenter.class01._03_TestNGDemo3 -->
