<?xml version="1.0" encoding="UTF-8"?>
<!-- Generated by org.testng.reporters.JUnitReportReporter -->
<testsuite hostname="DESKTOP-0T3LLVM" failures="0" tests="1" name="com.exelenter.class4._03_DataProviderDemo2" time="6.904" errors="0" timestamp="2023-02-13T21:07:17 EST" skipped="0">
  <testcase classname="com.exelenter.class4._03_DataProviderDemo2" name="loginTest" time="6.904"/>
  <system-out/>
</testsuite> <!-- com.exelenter.class4._03_DataProviderDemo2 -->
