<?xml version="1.0" encoding="UTF-8"?>
<!-- Generated by org.testng.reporters.JUnitReportReporter -->
<testsuite hostname="DESKTOP-0T3LLVM" failures="0" tests="3" name="com.exelenter.class4._04_DataProviderDemo3" time="17.456" errors="0" timestamp="2023-02-15T19:43:59 EST" skipped="0">
  <testcase classname="com.exelenter.class4._04_DataProviderDemo3" name="loginTest" time="5.025"/>
  <system-out/>
  <testcase classname="com.exelenter.class4._04_DataProviderDemo3" name="loginTest" time="5.618"/>
  <system-out/>
  <testcase classname="com.exelenter.class4._04_DataProviderDemo3" name="loginTest" time="6.813"/>
  <system-out/>
</testsuite> <!-- com.exelenter.class4._04_DataProviderDemo3 -->
