<?xml version="1.0" encoding="UTF-8"?>
<!-- Generated by org.testng.reporters.JUnitReportReporter -->
<testsuite hostname="DESKTOP-0T3LLVM" failures="0" tests="1" name="com.exelenter.class05._03_HW_LoginTestNegative" time="5.919" errors="0" timestamp="2023-02-22T19:59:09 EST" skipped="0">
  <testcase classname="com.exelenter.class05._03_HW_LoginTestNegative" name="print" time="5.919"/>
  <system-out/>
</testsuite> <!-- com.exelenter.class05._03_HW_LoginTestNegative -->
