<?xml version="1.0" encoding="UTF-8"?>
<!-- Generated by org.testng.reporters.JUnitReportReporter -->
<testsuite hostname="DESKTOP-0T3LLVM" failures="0" tests="5" name="com.exelenter.class05._02_HW_AddEmployee" time="71.735" errors="0" timestamp="2023-02-17T22:25:33 EST" skipped="0">
  <testcase classname="com.exelenter.class05._02_HW_AddEmployee" name="addEmployeeTest" time="12.242"/>
  <system-out/>
  <testcase classname="com.exelenter.class05._02_HW_AddEmployee" name="addEmployeeTest" time="13.128"/>
  <system-out/>
  <testcase classname="com.exelenter.class05._02_HW_AddEmployee" name="addEmployeeTest" time="12.254"/>
  <system-out/>
  <testcase classname="com.exelenter.class05._02_HW_AddEmployee" name="addEmployeeTest" time="12.956"/>
  <system-out/>
  <testcase classname="com.exelenter.class05._02_HW_AddEmployee" name="addEmployeeTest" time="21.155"/>
  <system-out/>
</testsuite> <!-- com.exelenter.class05._02_HW_AddEmployee -->
