<?xml version="1.0" encoding="UTF-8"?>
<!-- Generated by org.testng.reporters.JUnitReportReporter -->
<testsuite hostname="DESKTOP-0T3LLVM" failures="0" tests="1" name="test.AddEmployeeTest" time="13.542" errors="0" timestamp="2023-02-09T22:01:46 EST" skipped="0">
  <testcase classname="test.AddEmployeeTest" name="addEmployeeTest" time="13.542"/>
  <system-out/>
</testsuite> <!-- test.AddEmployeeTest -->
