<?xml version="1.0" encoding="UTF-8"?>
<!-- Generated by org.testng.reporters.JUnitReportReporter -->
<testsuite hostname="DESKTOP-0T3LLVM" failures="0" tests="1" name="test.LoginTest" time="9.466" errors="0" timestamp="2023-02-08T22:05:42 EST" skipped="0">
  <testcase classname="test.LoginTest" name="validAdminLogin" time="9.466"/>
  <system-out/>
</testsuite> <!-- test.LoginTest -->
