<?xml version="1.0" encoding="UTF-8"?>
<!-- Generated by org.testng.reporters.JUnitReportReporter -->
<testsuite hostname="DESKTOP-0T3LLVM" failures="0" tests="3" name="test.LoginTest" time="15.228" errors="0" timestamp="2023-02-07T22:10:41 EST" skipped="0">
  <testcase classname="test.LoginTest" name="validUserAnEmptyPassword" time="4.112"/>
  <system-out/>
  <testcase classname="test.LoginTest" name="validUserInvalidPassword" time="6.056"/>
  <system-out/>
  <testcase classname="test.LoginTest" name="validAdminLogin" time="5.060"/>
  <system-out/>
</testsuite> <!-- test.LoginTest -->
