<?xml version="1.0" encoding="UTF-8"?>
<!-- Generated by org.testng.reporters.JUnitReportReporter -->
<testsuite hostname="DESKTOP-0T3LLVM" failures="0" tests="5" name="com.exelenter.class05._02_HW_AddEmployee" time="79.426" errors="0" timestamp="2023-02-17T22:11:26 EST" skipped="0">
  <testcase classname="com.exelenter.class05._02_HW_AddEmployee" name="addEmployeeTest" time="14.426"/>
  <system-out/>
  <testcase classname="com.exelenter.class05._02_HW_AddEmployee" name="addEmployeeTest" time="18.062"/>
  <system-out/>
  <testcase classname="com.exelenter.class05._02_HW_AddEmployee" name="addEmployeeTest" time="16.327"/>
  <system-out/>
  <testcase classname="com.exelenter.class05._02_HW_AddEmployee" name="addEmployeeTest" time="12.726"/>
  <system-out/>
  <testcase classname="com.exelenter.class05._02_HW_AddEmployee" name="addEmployeeTest" time="17.885"/>
  <system-out/>
</testsuite> <!-- com.exelenter.class05._02_HW_AddEmployee -->
