<?xml version="1.0" encoding="UTF-8"?>
<!-- Generated by org.testng.reporters.JUnitReportReporter -->
<testsuite hostname="DESKTOP-0T3LLVM" failures="0" tests="1" name="com.exelenter.class05.Testing" time="0.006" errors="0" timestamp="2023-02-20T12:38:37 EST" skipped="0">
  <testcase classname="com.exelenter.class05.Testing" name="toPrint" time="0.006"/>
  <system-out/>
</testsuite> <!-- com.exelenter.class05.Testing -->
