<?xml version="1.0" encoding="UTF-8"?>
<!-- Generated by org.testng.reporters.JUnitReportReporter -->
<testsuite hostname="DESKTOP-0T3LLVM" failures="0" tests="1" name="com.exelenter.class4._02_DataProvider" time="0.006" errors="0" timestamp="2023-02-10T21:48:35 EST" skipped="0">
  <testcase classname="com.exelenter.class4._02_DataProvider" name="printData" time="0.006"/>
  <system-out/>
</testsuite> <!-- com.exelenter.class4._02_DataProvider -->
