<?xml version="1.0" encoding="UTF-8"?>
<!-- Generated by org.testng.reporters.JUnitReportReporter -->
<testsuite hostname="DESKTOP-0T3LLVM" failures="0" tests="6" name="com.exelenter.class4._01_GroupsDemo" time="0.037" errors="0" timestamp="2023-02-10T21:23:47 EST" skipped="0">
  <testcase classname="com.exelenter.class4._01_GroupsDemo" name="test2" time="0.006"/>
  <system-out/>
  <testcase classname="com.exelenter.class4._01_GroupsDemo" name="test5" time="0.008"/>
  <system-out/>
  <testcase classname="com.exelenter.class4._01_GroupsDemo" name="test6" time="0.007"/>
  <system-out/>
  <testcase classname="com.exelenter.class4._01_GroupsDemo" name="test4" time="0.008"/>
  <system-out/>
  <testcase classname="com.exelenter.class4._01_GroupsDemo" name="test1" time="0.001"/>
  <system-out/>
  <testcase classname="com.exelenter.class4._01_GroupsDemo" name="test3" time="0.007"/>
  <system-out/>
</testsuite> <!-- com.exelenter.class4._01_GroupsDemo -->
