<?xml version="1.0" encoding="UTF-8"?>
<!-- Generated by org.testng.reporters.JUnitReportReporter -->
<testsuite hostname="DESKTOP-0T3LLVM" failures="0" tests="1" name="test.AddEmployeeTest" time="11.462" errors="0" timestamp="2023-02-09T20:57:03 EST" skipped="0">
  <testcase classname="test.AddEmployeeTest" name="addEmployeeTest" time="11.462"/>
  <system-out/>
</testsuite> <!-- test.AddEmployeeTest -->
