<?xml version="1.0" encoding="UTF-8"?>
<!-- Generated by org.testng.reporters.JUnitReportReporter -->
<testsuite hostname="DESKTOP-0T3LLVM" failures="0" tests="1" name="test.AddEmployeeTest_Old" time="8.419" errors="0" timestamp="2023-02-08T22:06:37 EST" skipped="0">
  <testcase classname="test.AddEmployeeTest_Old" name="addEmployeeTest" time="8.419"/>
  <system-out/>
</testsuite> <!-- test.AddEmployeeTest_Old -->
